<?xml version="1.0" encoding="UTF-8"?>
<testng-results skipped="0" failed="1" ignored="0" total="1" passed="0">
  <reporter-output>
  </reporter-output>
  <suite name="Default suite" duration-ms="29033" started-at="2020-07-01T03:26:19Z" finished-at="2020-07-01T03:26:48Z">
    <groups>
      <group name="cucumber">
        <method signature="AbstractTestNGCucumberTests.runScenario(cucumber.api.testng.PickleEventWrapper, cucumber.api.testng.CucumberFeatureWrapper)[pri:0, instance:com.test.runner.ZooplaRunner@45018215]" name="runScenario" class="cucumber.api.testng.AbstractTestNGCucumberTests"/>
      </group> <!-- cucumber -->
    </groups>
    <test name="Default test" duration-ms="29033" started-at="2020-07-01T03:26:19Z" finished-at="2020-07-01T03:26:48Z">
      <class name="com.test.runner.ZooplaRunner">
        <test-method status="PASS" signature="setUpClass()[pri:0, instance:com.test.runner.ZooplaRunner@45018215]" name="setUpClass" is-config="true" duration-ms="89" started-at="2020-07-01T03:26:19Z" finished-at="2020-07-01T03:26:19Z">
          <reporter-output>
          </reporter-output>
        </test-method> <!-- setUpClass -->
        <test-method status="FAIL" signature="runScenario(cucumber.api.testng.PickleEventWrapper, cucumber.api.testng.CucumberFeatureWrapper)[pri:0, instance:com.test.runner.ZooplaRunner@45018215]" name="runScenario" duration-ms="28865" started-at="2020-07-01T03:26:19Z" description="Runs Cucumber Scenarios" data-provider="scenarios" finished-at="2020-07-01T03:26:48Z">
          <params>
            <param index="0">
              <value>
                <![CDATA["Search Property"]]>
              </value>
            </param>
            <param index="1">
              <value>
                <![CDATA["Zoopla Automation Cross Browser"]]>
              </value>
            </param>
          </params>
          <exception class="org.openqa.selenium.ElementNotInteractableException">
            <message>
              <![CDATA[Element <span class="ui-header-account-panel-description"> could not be scrolled into view
Build info: version: '3.141.59', revision: 'e82be7d358', time: '2018-11-14T08:17:03'
System info: host: 'DESKTOP-FGVV9N0', ip: '192.168.1.13', os.name: 'Windows 10', os.arch: 'amd64', os.version: '10.0', java.version: '1.8.0_251'
Driver info: org.openqa.selenium.firefox.FirefoxDriver
Capabilities {acceptInsecureCerts: true, browserName: firefox, browserVersion: 77.0.1, javascriptEnabled: true, moz:accessibilityChecks: false, moz:buildID: 20200602222727, moz:geckodriverVersion: 0.26.0, moz:headless: false, moz:processID: 11340, moz:profile: C:\Users\Administrator\AppD..., moz:shutdownTimeout: 60000, moz:useNonSpecCompliantPointerOrigin: false, moz:webdriverClick: true, pageLoadStrategy: normal, platform: WINDOWS, platformName: WINDOWS, platformVersion: 10.0, rotatable: false, setWindowRect: true, strictFileInteractability: false, timeouts: {implicit: 0, pageLoad: 300000, script: 30000}, unhandledPromptBehavior: dismiss and notify}
Session ID: 0ea0b07d-39a0-4380-89f6-776efbff0dd6]]>
            </message>
            <full-stacktrace>
              <![CDATA[org.openqa.selenium.ElementNotInteractableException: Element <span class="ui-header-account-panel-description"> could not be scrolled into view
Build info: version: '3.141.59', revision: 'e82be7d358', time: '2018-11-14T08:17:03'
System info: host: 'DESKTOP-FGVV9N0', ip: '192.168.1.13', os.name: 'Windows 10', os.arch: 'amd64', os.version: '10.0', java.version: '1.8.0_251'
Driver info: org.openqa.selenium.firefox.FirefoxDriver
Capabilities {acceptInsecureCerts: true, browserName: firefox, browserVersion: 77.0.1, javascriptEnabled: true, moz:accessibilityChecks: false, moz:buildID: 20200602222727, moz:geckodriverVersion: 0.26.0, moz:headless: false, moz:processID: 11340, moz:profile: C:\Users\Administrator\AppD..., moz:shutdownTimeout: 60000, moz:useNonSpecCompliantPointerOrigin: false, moz:webdriverClick: true, pageLoadStrategy: normal, platform: WINDOWS, platformName: WINDOWS, platformVersion: 10.0, rotatable: false, setWindowRect: true, strictFileInteractability: false, timeouts: {implicit: 0, pageLoad: 300000, script: 30000}, unhandledPromptBehavior: dismiss and notify}
Session ID: 0ea0b07d-39a0-4380-89f6-776efbff0dd6
at sun.reflect.NativeConstructorAccessorImpl.newInstance0(Native Method)
at sun.reflect.NativeConstructorAccessorImpl.newInstance(NativeConstructorAccessorImpl.java:62)
at sun.reflect.DelegatingConstructorAccessorImpl.newInstance(DelegatingConstructorAccessorImpl.java:45)
at java.lang.reflect.Constructor.newInstance(Constructor.java:423)
at org.openqa.selenium.remote.http.W3CHttpResponseCodec.createException(W3CHttpResponseCodec.java:187)
at org.openqa.selenium.remote.http.W3CHttpResponseCodec.decode(W3CHttpResponseCodec.java:122)
at org.openqa.selenium.remote.http.W3CHttpResponseCodec.decode(W3CHttpResponseCodec.java:49)
at org.openqa.selenium.remote.HttpCommandExecutor.execute(HttpCommandExecutor.java:158)
at org.openqa.selenium.remote.service.DriverCommandExecutor.execute(DriverCommandExecutor.java:83)
at org.openqa.selenium.remote.RemoteWebDriver.execute(RemoteWebDriver.java:552)
at org.openqa.selenium.remote.RemoteWebElement.execute(RemoteWebElement.java:285)
at org.openqa.selenium.remote.RemoteWebElement.click(RemoteWebElement.java:84)
at sun.reflect.NativeMethodAccessorImpl.invoke0(Native Method)
at sun.reflect.NativeMethodAccessorImpl.invoke(NativeMethodAccessorImpl.java:62)
at sun.reflect.DelegatingMethodAccessorImpl.invoke(DelegatingMethodAccessorImpl.java:43)
at java.lang.reflect.Method.invoke(Method.java:498)
at org.openqa.selenium.support.pagefactory.internal.LocatingElementHandler.invoke(LocatingElementHandler.java:51)
at com.sun.proxy.$Proxy16.click(Unknown Source)
at com.cucumber.code.AgentInfo.logOut(AgentInfo.java:48)
at com.step.def.StepDefinitionsCrossBrowser.user_clicks_on_Sign_out_button(StepDefinitionsCrossBrowser.java:117)
at ✽.User clicks on Sign out button(file:features/zooplacrossbrowser.feature:19)
]]>
            </full-stacktrace>
          </exception> <!-- org.openqa.selenium.ElementNotInteractableException -->
          <reporter-output>
          </reporter-output>
        </test-method> <!-- runScenario -->
        <test-method status="PASS" signature="tearDownClass()[pri:0, instance:com.test.runner.ZooplaRunner@45018215]" name="tearDownClass" is-config="true" duration-ms="49" started-at="2020-07-01T03:26:48Z" finished-at="2020-07-01T03:26:48Z">
          <reporter-output>
          </reporter-output>
        </test-method> <!-- tearDownClass -->
      </class> <!-- com.test.runner.ZooplaRunner -->
    </test> <!-- Default test -->
  </suite> <!-- Default suite -->
</testng-results>
